2017-06-29 23:04:41,984 [Worker-2] ERROR o.e.m.c.internal.embedder.MavenImpl - Could not read settings.xml, assuming default values
org.apache.maven.settings.building.SettingsBuildingException: 1 problem was encountered while building the effective settings
[FATAL] Non-readable settings H:\apache-maven-3.3.9: H:\apache-maven-3.3.9 (¾Ü¾ø·ÃÎÊ¡£) @ H:\apache-maven-3.3.9

	at org.apache.maven.settings.building.DefaultSettingsBuilder.build(DefaultSettingsBuilder.java:119) ~[maven-settings-builder-3.3.9.jar:3.3.9]
	at org.eclipse.m2e.core.internal.embedder.MavenImpl.getSettings(MavenImpl.java:470) [org.eclipse.m2e.core_1.7.0.20160603-1933.jar:na]
	at org.eclipse.m2e.core.internal.embedder.MavenImpl.reloadSettings(MavenImpl.java:535) [org.eclipse.m2e.core_1.7.0.20160603-1933.jar:na]
	at org.eclipse.m2e.core.internal.embedder.MavenImpl.mavenConfigurationChange(MavenImpl.java:557) [org.eclipse.m2e.core_1.7.0.20160603-1933.jar:na]
	at org.eclipse.m2e.core.internal.preferences.MavenConfigurationImpl.preferenceChange(MavenConfigurationImpl.java:183) [org.eclipse.m2e.core_1.7.0.20160603-1933.jar:na]
	at org.eclipse.core.internal.preferences.EclipsePreferences$2.run(EclipsePreferences.java:848) [org.eclipse.equinox.preferences_3.6.1.v20160815-1406.jar:na]
	at org.eclipse.core.runtime.SafeRunner.run(SafeRunner.java:42) [org.eclipse.equinox.common_3.8.0.v20160509-1230.jar:na]
	at org.eclipse.core.internal.preferences.EclipsePreferences.firePreferenceEvent(EclipsePreferences.java:851) [org.eclipse.equinox.preferences_3.6.1.v20160815-1406.jar:na]
	at org.eclipse.core.internal.preferences.EclipsePreferences.put(EclipsePreferences.java:863) [org.eclipse.equinox.preferences_3.6.1.v20160815-1406.jar:na]
	at org.eclipse.m2e.core.internal.preferences.MavenConfigurationImpl.setUserSettingsFile(MavenConfigurationImpl.java:132) [org.eclipse.m2e.core_1.7.0.20160603-1933.jar:na]
	at org.eclipse.m2e.core.ui.internal.preferences.MavenSettingsPreferencePage$1.run(MavenSettingsPreferencePage.java:151) [org.eclipse.m2e.core.ui_1.7.0.20160603-1933.jar:na]
	at org.eclipse.core.internal.jobs.Worker.run(Worker.java:55) [org.eclipse.core.jobs_3.8.0.v20160509-0411.jar:na]
2017-06-29 23:04:57,298 [Worker-1] ERROR o.e.m.c.internal.embedder.MavenImpl - Could not read settings.xml, assuming default values
org.apache.maven.settings.building.SettingsBuildingException: 2 problems were encountered while building the effective settings
[FATAL] Non-readable settings H:\apache-maven-3.3.9: H:\apache-maven-3.3.9 (¾Ü¾ø·ÃÎÊ¡£) @ H:\apache-maven-3.3.9
[FATAL] Non-readable settings H:\apache-maven-3.3.9: H:\apache-maven-3.3.9 (¾Ü¾ø·ÃÎÊ¡£) @ H:\apache-maven-3.3.9

	at org.apache.maven.settings.building.DefaultSettingsBuilder.build(DefaultSettingsBuilder.java:119) ~[maven-settings-builder-3.3.9.jar:3.3.9]
	at org.eclipse.m2e.core.internal.embedder.MavenImpl.getSettings(MavenImpl.java:470) [org.eclipse.m2e.core_1.7.0.20160603-1933.jar:na]
	at org.eclipse.m2e.core.internal.embedder.MavenImpl.reloadSettings(MavenImpl.java:535) [org.eclipse.m2e.core_1.7.0.20160603-1933.jar:na]
	at org.eclipse.m2e.core.internal.embedder.MavenImpl.mavenConfigurationChange(MavenImpl.java:557) [org.eclipse.m2e.core_1.7.0.20160603-1933.jar:na]
	at org.eclipse.m2e.core.internal.preferences.MavenConfigurationImpl.preferenceChange(MavenConfigurationImpl.java:183) [org.eclipse.m2e.core_1.7.0.20160603-1933.jar:na]
	at org.eclipse.core.internal.preferences.EclipsePreferences$2.run(EclipsePreferences.java:848) [org.eclipse.equinox.preferences_3.6.1.v20160815-1406.jar:na]
	at org.eclipse.core.runtime.SafeRunner.run(SafeRunner.java:42) [org.eclipse.equinox.common_3.8.0.v20160509-1230.jar:na]
	at org.eclipse.core.internal.preferences.EclipsePreferences.firePreferenceEvent(EclipsePreferences.java:851) [org.eclipse.equinox.preferences_3.6.1.v20160815-1406.jar:na]
	at org.eclipse.core.internal.preferences.EclipsePreferences.put(EclipsePreferences.java:863) [org.eclipse.equinox.preferences_3.6.1.v20160815-1406.jar:na]
	at org.eclipse.m2e.core.internal.preferences.MavenConfigurationImpl.setGlobalSettingsFile(MavenConfigurationImpl.java:144) [org.eclipse.m2e.core_1.7.0.20160603-1933.jar:na]
	at org.eclipse.m2e.core.ui.internal.preferences.MavenSettingsPreferencePage$1.run(MavenSettingsPreferencePage.java:150) [org.eclipse.m2e.core.ui_1.7.0.20160603-1933.jar:na]
	at org.eclipse.core.internal.jobs.Worker.run(Worker.java:55) [org.eclipse.core.jobs_3.8.0.v20160509-0411.jar:na]
2017-06-29 23:06:22,708 [Worker-10] ERROR o.e.m.c.internal.embedder.MavenImpl - Could not read settings.xml, assuming default values
org.apache.maven.settings.building.SettingsBuildingException: 2 problems were encountered while building the effective settings
[FATAL] Non-readable settings H:\apache-maven-3.3.9: H:\apache-maven-3.3.9 (¾Ü¾ø·ÃÎÊ¡£) @ H:\apache-maven-3.3.9
[WARNING] Unrecognised tag: 'id' (position: START_TAG seen ...<!-- \u7ed9\u955c\u50cf\u5b9a\u4e49\u4e00\u4e2aid -->\n      \t<id>... @149:12)  @ H:\apache-maven-3.3.9\conf\settings.xml, line 149, column 12

	at org.apache.maven.settings.building.DefaultSettingsBuilder.build(DefaultSettingsBuilder.java:119) ~[maven-settings-builder-3.3.9.jar:3.3.9]
	at org.eclipse.m2e.core.internal.embedder.MavenImpl.getSettings(MavenImpl.java:470) [org.eclipse.m2e.core_1.7.0.20160603-1933.jar:na]
	at org.eclipse.m2e.core.internal.embedder.MavenImpl.reloadSettings(MavenImpl.java:535) [org.eclipse.m2e.core_1.7.0.20160603-1933.jar:na]
	at org.eclipse.m2e.core.internal.embedder.MavenImpl.mavenConfigurationChange(MavenImpl.java:557) [org.eclipse.m2e.core_1.7.0.20160603-1933.jar:na]
	at org.eclipse.m2e.core.internal.preferences.MavenConfigurationImpl.preferenceChange(MavenConfigurationImpl.java:183) [org.eclipse.m2e.core_1.7.0.20160603-1933.jar:na]
	at org.eclipse.core.internal.preferences.EclipsePreferences$2.run(EclipsePreferences.java:848) [org.eclipse.equinox.preferences_3.6.1.v20160815-1406.jar:na]
	at org.eclipse.core.runtime.SafeRunner.run(SafeRunner.java:42) [org.eclipse.equinox.common_3.8.0.v20160509-1230.jar:na]
	at org.eclipse.core.internal.preferences.EclipsePreferences.firePreferenceEvent(EclipsePreferences.java:851) [org.eclipse.equinox.preferences_3.6.1.v20160815-1406.jar:na]
	at org.eclipse.core.internal.preferences.EclipsePreferences.put(EclipsePreferences.java:863) [org.eclipse.equinox.preferences_3.6.1.v20160815-1406.jar:na]
	at org.eclipse.m2e.core.internal.preferences.MavenConfigurationImpl.setUserSettingsFile(MavenConfigurationImpl.java:132) [org.eclipse.m2e.core_1.7.0.20160603-1933.jar:na]
	at org.eclipse.m2e.core.ui.internal.preferences.MavenSettingsPreferencePage$1.run(MavenSettingsPreferencePage.java:151) [org.eclipse.m2e.core.ui_1.7.0.20160603-1933.jar:na]
	at org.eclipse.core.internal.jobs.Worker.run(Worker.java:55) [org.eclipse.core.jobs_3.8.0.v20160509-0411.jar:na]
